0 info it worked if it ends with ok
1 verbose cli [ '/usr/local/opt/nvm/versions/node/v5.9.0/bin/node',
1 verbose cli   '/usr/local/opt/nvm/versions/node/v5.9.0/bin/npm',
1 verbose cli   'start' ]
2 info using npm@3.8.6
3 info using node@v5.9.0
4 verbose run-script [ 'prestart', 'start', 'poststart' ]
5 info lifecycle trump_wall2@1.0.0~prestart: trump_wall2@1.0.0
6 silly lifecycle trump_wall2@1.0.0~prestart: no script for prestart, continuing
7 info lifecycle trump_wall2@1.0.0~start: trump_wall2@1.0.0
8 verbose lifecycle trump_wall2@1.0.0~start: unsafe-perm in lifecycle true
9 verbose lifecycle trump_wall2@1.0.0~start: PATH: /usr/local/opt/nvm/versions/node/v5.9.0/lib/node_modules/npm/bin/node-gyp-bin:/Users/oliver/trump_wall2/node_modules/.bin:/usr/local/opt/nvm/versions/node/v5.9.0/bin:/Users/oliver/.rvm/gems/ruby-2.2.1/bin:/Users/oliver/.rvm/gems/ruby-2.2.1@global/bin:/Users/oliver/.rvm/rubies/ruby-2.2.1/bin:/Library/Frameworks/Python.framework/Versions/3.4/bin:/usr/local/opt/nvm/versions/node/v5.9.0/bin:/Users/oliver/anaconda/bin:/Library/Frameworks/Python.framework/Versions/2.7/bin:/usr/local/bin:/usr/bin:/bin:/usr/sbin:/sbin:/Users/oliver/.rvm/bin:/Users/oliver/.rvm/bin:/Users/oliver/.rvm/bin
10 verbose lifecycle trump_wall2@1.0.0~start: CWD: /Users/oliver/trump_wall2
11 silly lifecycle trump_wall2@1.0.0~start: Args: [ '-c', 'webpack-dev-server' ]
12 silly lifecycle trump_wall2@1.0.0~start: Returned: code: 1  signal: null
13 info lifecycle trump_wall2@1.0.0~start: Failed to exec start script
14 verbose stack Error: trump_wall2@1.0.0 start: `webpack-dev-server`
14 verbose stack Exit status 1
14 verbose stack     at EventEmitter.<anonymous> (/usr/local/opt/nvm/versions/node/v5.9.0/lib/node_modules/npm/lib/utils/lifecycle.js:239:16)
14 verbose stack     at emitTwo (events.js:100:13)
14 verbose stack     at EventEmitter.emit (events.js:185:7)
14 verbose stack     at ChildProcess.<anonymous> (/usr/local/opt/nvm/versions/node/v5.9.0/lib/node_modules/npm/lib/utils/spawn.js:24:14)
14 verbose stack     at emitTwo (events.js:100:13)
14 verbose stack     at ChildProcess.emit (events.js:185:7)
14 verbose stack     at maybeClose (internal/child_process.js:850:16)
14 verbose stack     at Process.ChildProcess._handle.onexit (internal/child_process.js:215:5)
15 verbose pkgid trump_wall2@1.0.0
16 verbose cwd /Users/oliver/trump_wall2
17 error Darwin 14.5.0
18 error argv "/usr/local/opt/nvm/versions/node/v5.9.0/bin/node" "/usr/local/opt/nvm/versions/node/v5.9.0/bin/npm" "start"
19 error node v5.9.0
20 error npm  v3.8.6
21 error code ELIFECYCLE
22 error trump_wall2@1.0.0 start: `webpack-dev-server`
22 error Exit status 1
23 error Failed at the trump_wall2@1.0.0 start script 'webpack-dev-server'.
23 error Make sure you have the latest version of node.js and npm installed.
23 error If you do, this is most likely a problem with the trump_wall2 package,
23 error not with npm itself.
23 error Tell the author that this fails on your system:
23 error     webpack-dev-server
23 error You can get information on how to open an issue for this project with:
23 error     npm bugs trump_wall2
23 error Or if that isn't available, you can get their info via:
23 error     npm owner ls trump_wall2
23 error There is likely additional logging output above.
24 verbose exit [ 1, true ]
